[     112ms] [LOG] [Fast Refresh] rebuilding @ http://localhost:4010/_next/static/chunks/node_modules_next_dist_1ybzpk2._.js:2477
[     252ms] [LOG] [Fast Refresh] done in 242ms @ http://localhost:4010/_next/static/chunks/node_modules_next_dist_1ybzpk2._.js:2477
[     338ms] [INFO] %cDownload the React DevTools for a better development experience: https://react.dev/link/react-devtools font-weight:bold @ http://localhost:4010/_next/static/chunks/node_modules_next_dist_1ybzpk2._.js:2477
[     359ms] [LOG] [HMR] connected @ http://localhost:4010/_next/static/chunks/node_modules_next_dist_1ybzpk2._.js:2477
[     422ms] [WARNING] Image with src "/images/yvonne-red-dress.jpg" was detected as the Largest Contentful Paint (LCP). Please add the `loading="eager"` property if this image is above the fold.
Read more: https://nextjs.org/docs/app/api-reference/components/image#loading @ http://localhost:4010/_next/static/chunks/node_modules_next_dist_1ybzpk2._.js:2477
[   10202ms] [LOG] [Fast Refresh] rebuilding @ http://localhost:4010/_next/static/chunks/node_modules_next_dist_1ybzpk2._.js:2477
[   10217ms] [LOG] [Fast Refresh] done in 116ms @ http://localhost:4010/_next/static/chunks/node_modules_next_dist_1ybzpk2._.js:2477
[   33641ms] [LOG] [Fast Refresh] rebuilding @ http://localhost:4010/_next/static/chunks/node_modules_next_dist_1ybzpk2._.js:2477
[   33840ms] [LOG] [Fast Refresh] done in 37ms @ http://localhost:4010/_next/static/chunks/node_modules_next_dist_1ybzpk2._.js:2477
[   34016ms] [LOG] [Fast Refresh] rebuilding @ http://localhost:4010/_next/static/chunks/node_modules_next_dist_1ybzpk2._.js:2477
[   34083ms] [LOG] [Fast Refresh] done in 174ms @ http://localhost:4010/_next/static/chunks/node_modules_next_dist_1ybzpk2._.js:2477
[   37198ms] [WARNING] The resource http://localhost:4010/images/yvonne-red-dress.jpg was preloaded using link preload but not used within a few seconds from the window's load event. Please make sure it has an appropriate `as` value and it is preloaded intentionally. @ http://localhost:4010/about:0
[   46441ms] [LOG] [Fast Refresh] rebuilding @ http://localhost:4010/_next/static/chunks/node_modules_next_dist_1ybzpk2._.js:2477
[   46484ms] [LOG] [Fast Refresh] done in 147ms @ http://localhost:4010/_next/static/chunks/node_modules_next_dist_1ybzpk2._.js:2477
[  546619ms] [LOG] [Fast Refresh] rebuilding @ http://localhost:4010/_next/static/chunks/node_modules_next_dist_1ybzpk2._.js:2477
[  547732ms] [LOG] [Fast Refresh] done in 1231ms @ http://localhost:4010/_next/static/chunks/node_modules_next_dist_1ybzpk2._.js:2477
[  548157ms] [LOG] [Fast Refresh] rebuilding @ http://localhost:4010/_next/static/chunks/node_modules_next_dist_1ybzpk2._.js:2477
[  548161ms] [LOG] [Fast Refresh] done in 105ms @ http://localhost:4010/_next/static/chunks/node_modules_next_dist_1ybzpk2._.js:2477
[  549976ms] [WARNING] The resource http://localhost:4010/images/yvonne-red-dress.jpg was preloaded using link preload but not used within a few seconds from the window's load event. Please make sure it has an appropriate `as` value and it is preloaded intentionally. @ http://localhost:4010/about:0
[ 1267403ms] [LOG] [Fast Refresh] rebuilding @ http://localhost:4010/_next/static/chunks/node_modules_next_dist_1ybzpk2._.js:2477
[ 1267941ms] [LOG] [Fast Refresh] done in 649ms @ http://localhost:4010/_next/static/chunks/node_modules_next_dist_1ybzpk2._.js:2477
[ 1270731ms] [WARNING] The resource http://localhost:4010/images/yvonne-red-dress.jpg was preloaded using link preload but not used within a few seconds from the window's load event. Please make sure it has an appropriate `as` value and it is preloaded intentionally. @ http://localhost:4010/about:0
[ 3437748ms] [LOG] [Fast Refresh] rebuilding @ http://localhost:4010/_next/static/chunks/node_modules_next_dist_1ybzpk2._.js:2477
[ 3438300ms] [LOG] [Fast Refresh] done in 665ms @ http://localhost:4010/_next/static/chunks/node_modules_next_dist_1ybzpk2._.js:2477
[ 3438944ms] [LOG] [Fast Refresh] rebuilding @ http://localhost:4010/_next/static/chunks/node_modules_next_dist_1ybzpk2._.js:2477
[ 3438977ms] [LOG] [Fast Refresh] done in 146ms @ http://localhost:4010/_next/static/chunks/node_modules_next_dist_1ybzpk2._.js:2477
[ 3441129ms] [WARNING] The resource http://localhost:4010/images/yvonne-red-dress.jpg was preloaded using link preload but not used within a few seconds from the window's load event. Please make sure it has an appropriate `as` value and it is preloaded intentionally. @ http://localhost:4010/about:0
[ 3691981ms] [LOG] [Fast Refresh] rebuilding @ http://localhost:4010/_next/static/chunks/node_modules_next_dist_1ybzpk2._.js:2477
[ 3692022ms] [LOG] [Fast Refresh] done in 147ms @ http://localhost:4010/_next/static/chunks/node_modules_next_dist_1ybzpk2._.js:2477
[ 3796549ms] [LOG] [Fast Refresh] rebuilding @ http://localhost:4010/_next/static/chunks/node_modules_next_dist_1ybzpk2._.js:2477
[ 3796948ms] [LOG] [Fast Refresh] done in 506ms @ http://localhost:4010/_next/static/chunks/node_modules_next_dist_1ybzpk2._.js:2477
[ 3797081ms] [LOG] [Fast Refresh] rebuilding @ http://localhost:4010/_next/static/chunks/node_modules_next_dist_1ybzpk2._.js:2477
[ 3797239ms] [LOG] [Fast Refresh] done in 264ms @ http://localhost:4010/_next/static/chunks/node_modules_next_dist_1ybzpk2._.js:2477
[ 3799881ms] [WARNING] The resource http://localhost:4010/images/yvonne-red-dress.jpg was preloaded using link preload but not used within a few seconds from the window's load event. Please make sure it has an appropriate `as` value and it is preloaded intentionally. @ http://localhost:4010/about:0
[ 3831051ms] [LOG] [Fast Refresh] rebuilding @ http://localhost:4010/_next/static/chunks/node_modules_next_dist_1ybzpk2._.js:2477
[ 3833293ms] [LOG] [Fast Refresh] done in 2352ms @ http://localhost:4010/_next/static/chunks/node_modules_next_dist_1ybzpk2._.js:2477
[ 3833766ms] [LOG] [Fast Refresh] rebuilding @ http://localhost:4010/_next/static/chunks/node_modules_next_dist_1ybzpk2._.js:2477
[ 3834007ms] [LOG] [Fast Refresh] done in 351ms @ http://localhost:4010/_next/static/chunks/node_modules_next_dist_1ybzpk2._.js:2477
[ 3834356ms] [WARNING] The resource http://localhost:4010/images/yvonne-red-dress.jpg was preloaded using link preload but not used within a few seconds from the window's load event. Please make sure it has an appropriate `as` value and it is preloaded intentionally. @ http://localhost:4010/about:0
[ 3844139ms] [LOG] [Fast Refresh] rebuilding @ http://localhost:4010/_next/static/chunks/node_modules_next_dist_1ybzpk2._.js:2477
[ 3844246ms] [LOG] [Fast Refresh] done in 208ms @ http://localhost:4010/_next/static/chunks/node_modules_next_dist_1ybzpk2._.js:2477
[ 3891624ms] [LOG] [Fast Refresh] rebuilding @ http://localhost:4010/_next/static/chunks/node_modules_next_dist_1ybzpk2._.js:2477
[ 3891626ms] [LOG] [Fast Refresh] done in 109ms @ http://localhost:4010/_next/static/chunks/node_modules_next_dist_1ybzpk2._.js:2477
[ 3896869ms] [LOG] [Fast Refresh] rebuilding @ http://localhost:4010/_next/static/chunks/node_modules_next_dist_1ybzpk2._.js:2477
[ 3896906ms] [LOG] [Fast Refresh] done in 140ms @ http://localhost:4010/_next/static/chunks/node_modules_next_dist_1ybzpk2._.js:2477
[ 4105191ms] [LOG] [Fast Refresh] rebuilding @ http://localhost:4010/_next/static/chunks/node_modules_next_dist_1ybzpk2._.js:2477
[ 4105348ms] [LOG] [Fast Refresh] done in 265ms @ http://localhost:4010/_next/static/chunks/node_modules_next_dist_1ybzpk2._.js:2477
[ 4139835ms] [LOG] [Fast Refresh] rebuilding @ http://localhost:4010/_next/static/chunks/node_modules_next_dist_1ybzpk2._.js:2477
[ 4144550ms] [WARNING] The resource http://localhost:4010/images/yvonne-red-dress.jpg was preloaded using link preload but not used within a few seconds from the window's load event. Please make sure it has an appropriate `as` value and it is preloaded intentionally. @ http://localhost:4010/about:0
[ 4145431ms] [LOG] [Fast Refresh] done in 5023ms @ http://localhost:4010/_next/static/chunks/node_modules_next_dist_1ybzpk2._.js:2477
[ 4145621ms] [LOG] [Fast Refresh] rebuilding @ http://localhost:4010/_next/static/chunks/node_modules_next_dist_1ybzpk2._.js:2477
[ 4149923ms] [LOG] [Fast Refresh] done in 4488ms @ http://localhost:4010/_next/static/chunks/node_modules_next_dist_1ybzpk2._.js:2477
[ 4151923ms] [LOG] [Fast Refresh] rebuilding @ http://localhost:4010/_next/static/chunks/node_modules_next_dist_1ybzpk2._.js:2477
[ 4156214ms] [LOG] [Fast Refresh] done in 4400ms @ http://localhost:4010/_next/static/chunks/node_modules_next_dist_1ybzpk2._.js:2477
[ 4156447ms] [LOG] [Fast Refresh] rebuilding @ http://localhost:4010/_next/static/chunks/node_modules_next_dist_1ybzpk2._.js:2477
[ 4159432ms] [WARNING] The resource http://localhost:4010/images/yvonne-red-dress.jpg was preloaded using link preload but not used within a few seconds from the window's load event. Please make sure it has an appropriate `as` value and it is preloaded intentionally. @ http://localhost:4010/about:0
[ 4160468ms] [LOG] [Fast Refresh] done in 4071ms @ http://localhost:4010/_next/static/chunks/node_modules_next_dist_1ybzpk2._.js:2477
[ 4160588ms] [LOG] [Fast Refresh] rebuilding @ http://localhost:4010/_next/static/chunks/node_modules_next_dist_1ybzpk2._.js:2477
[ 4160650ms] [LOG] [Fast Refresh] done in 166ms @ http://localhost:4010/_next/static/chunks/node_modules_next_dist_1ybzpk2._.js:2477
[ 4160759ms] [LOG] [Fast Refresh] rebuilding @ http://localhost:4010/_next/static/chunks/node_modules_next_dist_1ybzpk2._.js:2477
[ 4160889ms] [LOG] [Fast Refresh] done in 231ms @ http://localhost:4010/_next/static/chunks/node_modules_next_dist_1ybzpk2._.js:2477
[ 4161416ms] [LOG] [Fast Refresh] rebuilding @ http://localhost:4010/_next/static/chunks/node_modules_next_dist_1ybzpk2._.js:2477
[ 4161565ms] [LOG] [Fast Refresh] done in 287ms @ http://localhost:4010/_next/static/chunks/node_modules_next_dist_1ybzpk2._.js:2477
[ 4161693ms] [LOG] [Fast Refresh] rebuilding @ http://localhost:4010/_next/static/chunks/node_modules_next_dist_1ybzpk2._.js:2477
[ 4161731ms] [LOG] [Fast Refresh] done in 139ms @ http://localhost:4010/_next/static/chunks/node_modules_next_dist_1ybzpk2._.js:2477
[ 4161976ms] [LOG] [Fast Refresh] rebuilding @ http://localhost:4010/_next/static/chunks/node_modules_next_dist_1ybzpk2._.js:2477
[ 4162130ms] [LOG] [Fast Refresh] done in 266ms @ http://localhost:4010/_next/static/chunks/node_modules_next_dist_1ybzpk2._.js:2477
[ 4162277ms] [LOG] [Fast Refresh] rebuilding @ http://localhost:4010/_next/static/chunks/node_modules_next_dist_1ybzpk2._.js:2477
[ 4162588ms] [LOG] [Fast Refresh] done in 423ms @ http://localhost:4010/_next/static/chunks/node_modules_next_dist_1ybzpk2._.js:2477
[ 4162771ms] [LOG] [Fast Refresh] rebuilding @ http://localhost:4010/_next/static/chunks/node_modules_next_dist_1ybzpk2._.js:2477
[ 4163092ms] [LOG] [Fast Refresh] done in 424ms @ http://localhost:4010/_next/static/chunks/node_modules_next_dist_1ybzpk2._.js:2477
[ 4163369ms] [LOG] [Fast Refresh] rebuilding @ http://localhost:4010/_next/static/chunks/node_modules_next_dist_1ybzpk2._.js:2477
[ 4163474ms] [LOG] [Fast Refresh] done in 208ms @ http://localhost:4010/_next/static/chunks/node_modules_next_dist_1ybzpk2._.js:2477
[ 4163809ms] [LOG] [Fast Refresh] rebuilding @ http://localhost:4010/_next/static/chunks/node_modules_next_dist_1ybzpk2._.js:2477
[ 4163915ms] [LOG] [Fast Refresh] done in 213ms @ http://localhost:4010/_next/static/chunks/node_modules_next_dist_1ybzpk2._.js:2477
[ 4164239ms] [LOG] [Fast Refresh] rebuilding @ http://localhost:4010/_next/static/chunks/node_modules_next_dist_1ybzpk2._.js:2477
[ 4164280ms] [LOG] [Fast Refresh] done in 149ms @ http://localhost:4010/_next/static/chunks/node_modules_next_dist_1ybzpk2._.js:2477
[ 4164409ms] [LOG] [Fast Refresh] rebuilding @ http://localhost:4010/_next/static/chunks/node_modules_next_dist_1ybzpk2._.js:2477
[ 4164586ms] [LOG] [Fast Refresh] done in 283ms @ http://localhost:4010/_next/static/chunks/node_modules_next_dist_1ybzpk2._.js:2477
[ 4164834ms] [LOG] [Fast Refresh] rebuilding @ http://localhost:4010/_next/static/chunks/node_modules_next_dist_1ybzpk2._.js:2477
[ 4164941ms] [LOG] [Fast Refresh] done in 212ms @ http://localhost:4010/_next/static/chunks/node_modules_next_dist_1ybzpk2._.js:2477
[ 4165410ms] [LOG] [Fast Refresh] rebuilding @ http://localhost:4010/_next/static/chunks/node_modules_next_dist_1ybzpk2._.js:2477
[ 4165448ms] [LOG] [Fast Refresh] done in 152ms @ http://localhost:4010/_next/static/chunks/node_modules_next_dist_1ybzpk2._.js:2477
[ 4166147ms] [LOG] [Fast Refresh] rebuilding @ http://localhost:4010/_next/static/chunks/node_modules_next_dist_1ybzpk2._.js:2477
[ 4166149ms] [LOG] [Fast Refresh] done in 346ms @ http://localhost:4010/_next/static/chunks/node_modules_next_dist_1ybzpk2._.js:2477
[ 4166613ms] [LOG] [Fast Refresh] rebuilding @ http://localhost:4010/_next/static/chunks/node_modules_next_dist_1ybzpk2._.js:2477
[ 4166638ms] [LOG] [Fast Refresh] done in 127ms @ http://localhost:4010/_next/static/chunks/node_modules_next_dist_1ybzpk2._.js:2477
[ 4166754ms] [LOG] [Fast Refresh] rebuilding @ http://localhost:4010/_next/static/chunks/node_modules_next_dist_1ybzpk2._.js:2477
[ 4166770ms] [LOG] [Fast Refresh] done in 125ms @ http://localhost:4010/_next/static/chunks/node_modules_next_dist_1ybzpk2._.js:2477
[ 4167254ms] [LOG] [Fast Refresh] rebuilding @ http://localhost:4010/_next/static/chunks/node_modules_next_dist_1ybzpk2._.js:2477
[ 4167376ms] [LOG] [Fast Refresh] done in 227ms @ http://localhost:4010/_next/static/chunks/node_modules_next_dist_1ybzpk2._.js:2477
[ 4167801ms] [LOG] [Fast Refresh] rebuilding @ http://localhost:4010/_next/static/chunks/node_modules_next_dist_1ybzpk2._.js:2477
[ 4167804ms] [LOG] [Fast Refresh] done in 109ms @ http://localhost:4010/_next/static/chunks/node_modules_next_dist_1ybzpk2._.js:2477
[ 4168127ms] [LOG] [Fast Refresh] rebuilding @ http://localhost:4010/_next/static/chunks/node_modules_next_dist_1ybzpk2._.js:2477
[ 4168168ms] [LOG] [Fast Refresh] done in 151ms @ http://localhost:4010/_next/static/chunks/node_modules_next_dist_1ybzpk2._.js:2477
[ 4168501ms] [LOG] [Fast Refresh] rebuilding @ http://localhost:4010/_next/static/chunks/node_modules_next_dist_1ybzpk2._.js:2477
[ 4168506ms] [LOG] [Fast Refresh] done in 119ms @ http://localhost:4010/_next/static/chunks/node_modules_next_dist_1ybzpk2._.js:2477
[ 4168626ms] [LOG] [Fast Refresh] rebuilding @ http://localhost:4010/_next/static/chunks/node_modules_next_dist_1ybzpk2._.js:2477
[ 4168799ms] [WARNING] The resource http://localhost:4010/images/yvonne-red-dress.jpg was preloaded using link preload but not used within a few seconds from the window's load event. Please make sure it has an appropriate `as` value and it is preloaded intentionally. @ http://localhost:4010/about:0
[ 4169084ms] [LOG] [Fast Refresh] done in 561ms @ http://localhost:4010/_next/static/chunks/node_modules_next_dist_1ybzpk2._.js:2477
[ 4169301ms] [LOG] [Fast Refresh] rebuilding @ http://localhost:4010/_next/static/chunks/node_modules_next_dist_1ybzpk2._.js:2477
[ 4169331ms] [LOG] [Fast Refresh] done in 136ms @ http://localhost:4010/_next/static/chunks/node_modules_next_dist_1ybzpk2._.js:2477
[ 4169456ms] [LOG] [Fast Refresh] rebuilding @ http://localhost:4010/_next/static/chunks/node_modules_next_dist_1ybzpk2._.js:2477
[ 4169540ms] [LOG] [Fast Refresh] done in 190ms @ http://localhost:4010/_next/static/chunks/node_modules_next_dist_1ybzpk2._.js:2477
[ 4169975ms] [LOG] [Fast Refresh] rebuilding @ http://localhost:4010/_next/static/chunks/node_modules_next_dist_1ybzpk2._.js:2477
[ 4170063ms] [LOG] [Fast Refresh] done in 201ms @ http://localhost:4010/_next/static/chunks/node_modules_next_dist_1ybzpk2._.js:2477
[ 4170354ms] [LOG] [Fast Refresh] rebuilding @ http://localhost:4010/_next/static/chunks/node_modules_next_dist_1ybzpk2._.js:2477
[ 4170420ms] [LOG] [Fast Refresh] done in 178ms @ http://localhost:4010/_next/static/chunks/node_modules_next_dist_1ybzpk2._.js:2477
[ 4170644ms] [LOG] [Fast Refresh] rebuilding @ http://localhost:4010/_next/static/chunks/node_modules_next_dist_1ybzpk2._.js:2477
[ 4170691ms] [LOG] [Fast Refresh] done in 156ms @ http://localhost:4010/_next/static/chunks/node_modules_next_dist_1ybzpk2._.js:2477
[ 4170994ms] [LOG] [Fast Refresh] rebuilding @ http://localhost:4010/_next/static/chunks/node_modules_next_dist_1ybzpk2._.js:2477
[ 4171004ms] [LOG] [Fast Refresh] done in 124ms @ http://localhost:4010/_next/static/chunks/node_modules_next_dist_1ybzpk2._.js:2477
[ 4172106ms] [WARNING] The resource http://localhost:4010/images/yvonne-red-dress.jpg was preloaded using link preload but not used within a few seconds from the window's load event. Please make sure it has an appropriate `as` value and it is preloaded intentionally. @ http://localhost:4010/about:0
[ 4191007ms] [LOG] [Fast Refresh] rebuilding @ http://localhost:4010/_next/static/chunks/node_modules_next_dist_1ybzpk2._.js:2477
[ 4194603ms] [WARNING] The resource http://localhost:4010/images/yvonne-red-dress.jpg was preloaded using link preload but not used within a few seconds from the window's load event. Please make sure it has an appropriate `as` value and it is preloaded intentionally. @ http://localhost:4010/about:0
[ 4194802ms] [LOG] [Fast Refresh] done in 4051ms @ http://localhost:4010/_next/static/chunks/node_modules_next_dist_1ybzpk2._.js:2477
[ 4195135ms] [LOG] [Fast Refresh] rebuilding @ http://localhost:4010/_next/static/chunks/node_modules_next_dist_1ybzpk2._.js:2477
[ 4198652ms] [LOG] [Fast Refresh] done in 3623ms @ http://localhost:4010/_next/static/chunks/node_modules_next_dist_1ybzpk2._.js:2477
[ 4198771ms] [LOG] [Fast Refresh] rebuilding @ http://localhost:4010/_next/static/chunks/node_modules_next_dist_1ybzpk2._.js:2477
[ 4198971ms] [LOG] [Fast Refresh] done in 310ms @ http://localhost:4010/_next/static/chunks/node_modules_next_dist_1ybzpk2._.js:2477
[ 4202794ms] [WARNING] The resource http://localhost:4010/images/yvonne-red-dress.jpg was preloaded using link preload but not used within a few seconds from the window's load event. Please make sure it has an appropriate `as` value and it is preloaded intentionally. @ http://localhost:4010/about:0
[ 4226094ms] [LOG] [Fast Refresh] rebuilding @ http://localhost:4010/_next/static/chunks/node_modules_next_dist_1ybzpk2._.js:2477
[ 4226354ms] [LOG] [Fast Refresh] done in 371ms @ http://localhost:4010/_next/static/chunks/node_modules_next_dist_1ybzpk2._.js:2477
[ 4226510ms] [LOG] [Fast Refresh] rebuilding @ http://localhost:4010/_next/static/chunks/node_modules_next_dist_1ybzpk2._.js:2477
[ 4226957ms] [LOG] [Fast Refresh] done in 555ms @ http://localhost:4010/_next/static/chunks/node_modules_next_dist_1ybzpk2._.js:2477
[ 4227058ms] [LOG] [Fast Refresh] rebuilding @ http://localhost:4010/_next/static/chunks/node_modules_next_dist_1ybzpk2._.js:2477
[ 4227219ms] [LOG] [Fast Refresh] done in 262ms @ http://localhost:4010/_next/static/chunks/node_modules_next_dist_1ybzpk2._.js:2477
[ 4227468ms] [LOG] [Fast Refresh] rebuilding @ http://localhost:4010/_next/static/chunks/node_modules_next_dist_1ybzpk2._.js:2477
[ 4227522ms] [LOG] [Fast Refresh] done in 155ms @ http://localhost:4010/_next/static/chunks/node_modules_next_dist_1ybzpk2._.js:2477
[ 4227791ms] [LOG] [Fast Refresh] rebuilding @ http://localhost:4010/_next/static/chunks/node_modules_next_dist_1ybzpk2._.js:2477
[ 4227800ms] [LOG] [Fast Refresh] done in 111ms @ http://localhost:4010/_next/static/chunks/node_modules_next_dist_1ybzpk2._.js:2477
[ 4228023ms] [LOG] [Fast Refresh] rebuilding @ http://localhost:4010/_next/static/chunks/node_modules_next_dist_1ybzpk2._.js:2477
[ 4228217ms] [LOG] [Fast Refresh] done in 294ms @ http://localhost:4010/_next/static/chunks/node_modules_next_dist_1ybzpk2._.js:2477
[ 4230604ms] [WARNING] The resource http://localhost:4010/images/yvonne-red-dress.jpg was preloaded using link preload but not used within a few seconds from the window's load event. Please make sure it has an appropriate `as` value and it is preloaded intentionally. @ http://localhost:4010/about:0
[ 4254963ms] [LOG] [Fast Refresh] rebuilding @ http://localhost:4010/_next/static/chunks/node_modules_next_dist_1ybzpk2._.js:2477
[ 4255095ms] [LOG] [Fast Refresh] done in 95ms @ http://localhost:4010/_next/static/chunks/node_modules_next_dist_1ybzpk2._.js:2477
[ 4258511ms] [WARNING] The resource http://localhost:4010/images/yvonne-red-dress.jpg was preloaded using link preload but not used within a few seconds from the window's load event. Please make sure it has an appropriate `as` value and it is preloaded intentionally. @ http://localhost:4010/about:0
[ 4266244ms] [LOG] [Fast Refresh] rebuilding @ http://localhost:4010/_next/static/chunks/node_modules_next_dist_1ybzpk2._.js:2477
[ 4266328ms] [LOG] [Fast Refresh] done in 107ms @ http://localhost:4010/_next/static/chunks/node_modules_next_dist_1ybzpk2._.js:2477
[ 4269343ms] [WARNING] The resource http://localhost:4010/images/yvonne-red-dress.jpg was preloaded using link preload but not used within a few seconds from the window's load event. Please make sure it has an appropriate `as` value and it is preloaded intentionally. @ http://localhost:4010/about:0
[ 4280505ms] [LOG] [Fast Refresh] rebuilding @ http://localhost:4010/_next/static/chunks/node_modules_next_dist_1ybzpk2._.js:2477
[ 4280594ms] [LOG] [Fast Refresh] done in 192ms @ http://localhost:4010/_next/static/chunks/node_modules_next_dist_1ybzpk2._.js:2477
[ 4340781ms] [LOG] [Fast Refresh] rebuilding @ http://localhost:4010/_next/static/chunks/node_modules_next_dist_1ybzpk2._.js:2477
[ 4341201ms] [LOG] [Fast Refresh] done in 530ms @ http://localhost:4010/_next/static/chunks/node_modules_next_dist_1ybzpk2._.js:2477
[ 4343476ms] [LOG] [Fast Refresh] rebuilding @ http://localhost:4010/_next/static/chunks/node_modules_next_dist_1ybzpk2._.js:2477
[ 4343509ms] [LOG] [Fast Refresh] done in 144ms @ http://localhost:4010/_next/static/chunks/node_modules_next_dist_1ybzpk2._.js:2477
[ 4344086ms] [WARNING] The resource http://localhost:4010/images/yvonne-red-dress.jpg was preloaded using link preload but not used within a few seconds from the window's load event. Please make sure it has an appropriate `as` value and it is preloaded intentionally. @ http://localhost:4010/about:0
[ 4344260ms] [LOG] [Fast Refresh] rebuilding @ http://localhost:4010/_next/static/chunks/node_modules_next_dist_1ybzpk2._.js:2477
[ 4344277ms] [LOG] [Fast Refresh] done in 118ms @ http://localhost:4010/_next/static/chunks/node_modules_next_dist_1ybzpk2._.js:2477
[ 4346088ms] [LOG] [Fast Refresh] rebuilding @ http://localhost:4010/_next/static/chunks/node_modules_next_dist_1ybzpk2._.js:2477
[ 4346184ms] [LOG] [Fast Refresh] done in 207ms @ http://localhost:4010/_next/static/chunks/node_modules_next_dist_1ybzpk2._.js:2477
[ 4346372ms] [LOG] [Fast Refresh] rebuilding @ http://localhost:4010/_next/static/chunks/node_modules_next_dist_1ybzpk2._.js:2477
[ 4346519ms] [LOG] [Fast Refresh] done in 250ms @ http://localhost:4010/_next/static/chunks/node_modules_next_dist_1ybzpk2._.js:2477
[ 4347830ms] [LOG] [Fast Refresh] rebuilding @ http://localhost:4010/_next/static/chunks/node_modules_next_dist_1ybzpk2._.js:2477
[ 4347862ms] [LOG] [Fast Refresh] done in 135ms @ http://localhost:4010/_next/static/chunks/node_modules_next_dist_1ybzpk2._.js:2477
[ 4348485ms] [LOG] [Fast Refresh] rebuilding @ http://localhost:4010/_next/static/chunks/node_modules_next_dist_1ybzpk2._.js:2477
[ 4348503ms] [LOG] [Fast Refresh] done in 126ms @ http://localhost:4010/_next/static/chunks/node_modules_next_dist_1ybzpk2._.js:2477
[ 4348613ms] [LOG] [Fast Refresh] rebuilding @ http://localhost:4010/_next/static/chunks/node_modules_next_dist_1ybzpk2._.js:2477
[ 4348630ms] [LOG] [Fast Refresh] done in 124ms @ http://localhost:4010/_next/static/chunks/node_modules_next_dist_1ybzpk2._.js:2477
[ 4349845ms] [LOG] [Fast Refresh] rebuilding @ http://localhost:4010/_next/static/chunks/node_modules_next_dist_1ybzpk2._.js:2477
[ 4349848ms] [LOG] [Fast Refresh] done in 108ms @ http://localhost:4010/_next/static/chunks/node_modules_next_dist_1ybzpk2._.js:2477
[ 4350002ms] [LOG] [Fast Refresh] rebuilding @ http://localhost:4010/_next/static/chunks/node_modules_next_dist_1ybzpk2._.js:2477
[ 4350004ms] [LOG] [Fast Refresh] done in 107ms @ http://localhost:4010/_next/static/chunks/node_modules_next_dist_1ybzpk2._.js:2477
[ 4350678ms] [LOG] [Fast Refresh] rebuilding @ http://localhost:4010/_next/static/chunks/node_modules_next_dist_1ybzpk2._.js:2477
[ 4350715ms] [LOG] [Fast Refresh] done in 144ms @ http://localhost:4010/_next/static/chunks/node_modules_next_dist_1ybzpk2._.js:2477
[ 4350883ms] [LOG] [Fast Refresh] rebuilding @ http://localhost:4010/_next/static/chunks/node_modules_next_dist_1ybzpk2._.js:2477
[ 4350884ms] [LOG] [Fast Refresh] done in 107ms @ http://localhost:4010/_next/static/chunks/node_modules_next_dist_1ybzpk2._.js:2477
[ 4351530ms] [LOG] [Fast Refresh] rebuilding @ http://localhost:4010/_next/static/chunks/node_modules_next_dist_1ybzpk2._.js:2477
[ 4351547ms] [LOG] [Fast Refresh] done in 128ms @ http://localhost:4010/_next/static/chunks/node_modules_next_dist_1ybzpk2._.js:2477
[ 4353872ms] [LOG] [Fast Refresh] rebuilding @ http://localhost:4010/_next/static/chunks/node_modules_next_dist_1ybzpk2._.js:2477
[ 4353950ms] [LOG] [Fast Refresh] done in 182ms @ http://localhost:4010/_next/static/chunks/node_modules_next_dist_1ybzpk2._.js:2477
[ 4354417ms] [LOG] [Fast Refresh] rebuilding @ http://localhost:4010/_next/static/chunks/node_modules_next_dist_1ybzpk2._.js:2477
[ 4354539ms] [LOG] [Fast Refresh] done in 228ms @ http://localhost:4010/_next/static/chunks/node_modules_next_dist_1ybzpk2._.js:2477
[ 4355027ms] [LOG] [Fast Refresh] rebuilding @ http://localhost:4010/_next/static/chunks/node_modules_next_dist_1ybzpk2._.js:2477
[ 4355060ms] [LOG] [Fast Refresh] done in 134ms @ http://localhost:4010/_next/static/chunks/node_modules_next_dist_1ybzpk2._.js:2477
[ 4355585ms] [LOG] [Fast Refresh] rebuilding @ http://localhost:4010/_next/static/chunks/node_modules_next_dist_1ybzpk2._.js:2477
[ 4355587ms] [LOG] [Fast Refresh] done in 108ms @ http://localhost:4010/_next/static/chunks/node_modules_next_dist_1ybzpk2._.js:2477
[ 4357647ms] [LOG] [Fast Refresh] rebuilding @ http://localhost:4010/_next/static/chunks/node_modules_next_dist_1ybzpk2._.js:2477
[ 4357726ms] [LOG] [Fast Refresh] done in 185ms @ http://localhost:4010/_next/static/chunks/node_modules_next_dist_1ybzpk2._.js:2477
[ 4360237ms] [LOG] [Fast Refresh] rebuilding @ http://localhost:4010/_next/static/chunks/node_modules_next_dist_1ybzpk2._.js:2477
[ 4360254ms] [LOG] [Fast Refresh] done in 124ms @ http://localhost:4010/_next/static/chunks/node_modules_next_dist_1ybzpk2._.js:2477
[ 4365351ms] [LOG] [Fast Refresh] rebuilding @ http://localhost:4010/_next/static/chunks/node_modules_next_dist_1ybzpk2._.js:2477
[ 4368417ms] [LOG] [Fast Refresh] done in 3167ms @ http://localhost:4010/_next/static/chunks/node_modules_next_dist_1ybzpk2._.js:2477
[ 4368523ms] [LOG] [Fast Refresh] rebuilding @ http://localhost:4010/_next/static/chunks/node_modules_next_dist_1ybzpk2._.js:2477
[ 4368926ms] [LOG] [Fast Refresh] done in 507ms @ http://localhost:4010/_next/static/chunks/node_modules_next_dist_1ybzpk2._.js:2477
[ 4369033ms] [LOG] [Fast Refresh] rebuilding @ http://localhost:4010/_next/static/chunks/node_modules_next_dist_1ybzpk2._.js:2477
[ 4369162ms] [LOG] [Fast Refresh] done in 231ms @ http://localhost:4010/_next/static/chunks/node_modules_next_dist_1ybzpk2._.js:2477
[ 4369273ms] [LOG] [Fast Refresh] rebuilding @ http://localhost:4010/_next/static/chunks/node_modules_next_dist_1ybzpk2._.js:2477
[ 4369515ms] [LOG] [Fast Refresh] done in 353ms @ http://localhost:4010/_next/static/chunks/node_modules_next_dist_1ybzpk2._.js:2477
[ 4369755ms] [LOG] [Fast Refresh] rebuilding @ http://localhost:4010/_next/static/chunks/node_modules_next_dist_1ybzpk2._.js:2477
[ 4369934ms] [LOG] [Fast Refresh] done in 284ms @ http://localhost:4010/_next/static/chunks/node_modules_next_dist_1ybzpk2._.js:2477
[ 4370181ms] [LOG] [Fast Refresh] rebuilding @ http://localhost:4010/_next/static/chunks/node_modules_next_dist_1ybzpk2._.js:2477
[ 4370248ms] [LOG] [Fast Refresh] done in 169ms @ http://localhost:4010/_next/static/chunks/node_modules_next_dist_1ybzpk2._.js:2477
[ 4370439ms] [LOG] [Fast Refresh] rebuilding @ http://localhost:4010/_next/static/chunks/node_modules_next_dist_1ybzpk2._.js:2477
[ 4370925ms] [LOG] [Fast Refresh] done in 591ms @ http://localhost:4010/_next/static/chunks/node_modules_next_dist_1ybzpk2._.js:2477
[ 4371037ms] [LOG] [Fast Refresh] rebuilding @ http://localhost:4010/_next/static/chunks/node_modules_next_dist_1ybzpk2._.js:2477
[ 4371501ms] [LOG] [Fast Refresh] done in 570ms @ http://localhost:4010/_next/static/chunks/node_modules_next_dist_1ybzpk2._.js:2477
[ 4371603ms] [LOG] [Fast Refresh] rebuilding @ http://localhost:4010/_next/static/chunks/node_modules_next_dist_1ybzpk2._.js:2477
[ 4371858ms] [LOG] [Fast Refresh] done in 355ms @ http://localhost:4010/_next/static/chunks/node_modules_next_dist_1ybzpk2._.js:2477
[ 4372335ms] [LOG] [Fast Refresh] rebuilding @ http://localhost:4010/_next/static/chunks/node_modules_next_dist_1ybzpk2._.js:2477
[ 4372412ms] [LOG] [Fast Refresh] done in 184ms @ http://localhost:4010/_next/static/chunks/node_modules_next_dist_1ybzpk2._.js:2477
[ 4372835ms] [LOG] [Fast Refresh] rebuilding @ http://localhost:4010/_next/static/chunks/node_modules_next_dist_1ybzpk2._.js:2477
[ 4372860ms] [LOG] [Fast Refresh] done in 141ms @ http://localhost:4010/_next/static/chunks/node_modules_next_dist_1ybzpk2._.js:2477
[ 4372970ms] [LOG] [Fast Refresh] rebuilding @ http://localhost:4010/_next/static/chunks/node_modules_next_dist_1ybzpk2._.js:2477
[ 4373051ms] [LOG] [Fast Refresh] done in 185ms @ http://localhost:4010/_next/static/chunks/node_modules_next_dist_1ybzpk2._.js:2477
[ 4373242ms] [LOG] [Fast Refresh] rebuilding @ http://localhost:4010/_next/static/chunks/node_modules_next_dist_1ybzpk2._.js:2477
[ 4373315ms] [LOG] [Fast Refresh] done in 187ms @ http://localhost:4010/_next/static/chunks/node_modules_next_dist_1ybzpk2._.js:2477
[ 4373430ms] [LOG] [Fast Refresh] rebuilding @ http://localhost:4010/_next/static/chunks/node_modules_next_dist_1ybzpk2._.js:2477
[ 4373710ms] [LOG] [Fast Refresh] done in 391ms @ http://localhost:4010/_next/static/chunks/node_modules_next_dist_1ybzpk2._.js:2477
[ 4373820ms] [LOG] [Fast Refresh] rebuilding @ http://localhost:4010/_next/static/chunks/node_modules_next_dist_1ybzpk2._.js:2477
[ 4373843ms] [LOG] [Fast Refresh] done in 125ms @ http://localhost:4010/_next/static/chunks/node_modules_next_dist_1ybzpk2._.js:2477
[ 4374257ms] [LOG] [Fast Refresh] rebuilding @ http://localhost:4010/_next/static/chunks/node_modules_next_dist_1ybzpk2._.js:2477
[ 4374309ms] [LOG] [Fast Refresh] done in 157ms @ http://localhost:4010/_next/static/chunks/node_modules_next_dist_1ybzpk2._.js:2477
[ 4374506ms] [LOG] [Fast Refresh] rebuilding @ http://localhost:4010/_next/static/chunks/node_modules_next_dist_1ybzpk2._.js:2477
[ 4374539ms] [LOG] [Fast Refresh] done in 134ms @ http://localhost:4010/_next/static/chunks/node_modules_next_dist_1ybzpk2._.js:2477
[ 4374789ms] [LOG] [Fast Refresh] rebuilding @ http://localhost:4010/_next/static/chunks/node_modules_next_dist_1ybzpk2._.js:2477
[ 4374830ms] [LOG] [Fast Refresh] done in 151ms @ http://localhost:4010/_next/static/chunks/node_modules_next_dist_1ybzpk2._.js:2477
[ 4375037ms] [LOG] [Fast Refresh] rebuilding @ http://localhost:4010/_next/static/chunks/node_modules_next_dist_1ybzpk2._.js:2477
[ 4375062ms] [LOG] [Fast Refresh] done in 127ms @ http://localhost:4010/_next/static/chunks/node_modules_next_dist_1ybzpk2._.js:2477
[ 4375225ms] [WARNING] The resource http://localhost:4010/images/yvonne-red-dress.jpg was preloaded using link preload but not used within a few seconds from the window's load event. Please make sure it has an appropriate `as` value and it is preloaded intentionally. @ http://localhost:4010/about:0
[ 4375657ms] [LOG] [Fast Refresh] rebuilding @ http://localhost:4010/_next/static/chunks/node_modules_next_dist_1ybzpk2._.js:2477
[ 4375796ms] [LOG] [Fast Refresh] done in 244ms @ http://localhost:4010/_next/static/chunks/node_modules_next_dist_1ybzpk2._.js:2477
[ 4375923ms] [LOG] [Fast Refresh] rebuilding @ http://localhost:4010/_next/static/chunks/node_modules_next_dist_1ybzpk2._.js:2477
[ 4375938ms] [LOG] [Fast Refresh] done in 125ms @ http://localhost:4010/_next/static/chunks/node_modules_next_dist_1ybzpk2._.js:2477
[ 4376267ms] [LOG] [Fast Refresh] rebuilding @ http://localhost:4010/_next/static/chunks/node_modules_next_dist_1ybzpk2._.js:2477
[ 4376286ms] [LOG] [Fast Refresh] done in 127ms @ http://localhost:4010/_next/static/chunks/node_modules_next_dist_1ybzpk2._.js:2477
[ 4376470ms] [LOG] [Fast Refresh] rebuilding @ http://localhost:4010/_next/static/chunks/node_modules_next_dist_1ybzpk2._.js:2477
[ 4376471ms] [LOG] [Fast Refresh] done in 112ms @ http://localhost:4010/_next/static/chunks/node_modules_next_dist_1ybzpk2._.js:2477
[ 4376590ms] [LOG] [Fast Refresh] rebuilding @ http://localhost:4010/_next/static/chunks/node_modules_next_dist_1ybzpk2._.js:2477
[ 4376591ms] [LOG] [Fast Refresh] done in 105ms @ http://localhost:4010/_next/static/chunks/node_modules_next_dist_1ybzpk2._.js:2477
[ 4376782ms] [LOG] [Fast Refresh] rebuilding @ http://localhost:4010/_next/static/chunks/node_modules_next_dist_1ybzpk2._.js:2477
[ 4376853ms] [LOG] [Fast Refresh] done in 185ms @ http://localhost:4010/_next/static/chunks/node_modules_next_dist_1ybzpk2._.js:2477
[ 4376969ms] [LOG] [Fast Refresh] rebuilding @ http://localhost:4010/_next/static/chunks/node_modules_next_dist_1ybzpk2._.js:2477
[ 4377039ms] [LOG] [Fast Refresh] done in 185ms @ http://localhost:4010/_next/static/chunks/node_modules_next_dist_1ybzpk2._.js:2477
[ 4377142ms] [LOG] [Fast Refresh] rebuilding @ http://localhost:4010/_next/static/chunks/node_modules_next_dist_1ybzpk2._.js:2477
[ 4377177ms] [LOG] [Fast Refresh] done in 136ms @ http://localhost:4010/_next/static/chunks/node_modules_next_dist_1ybzpk2._.js:2477
[ 4377599ms] [LOG] [Fast Refresh] rebuilding @ http://localhost:4010/_next/static/chunks/node_modules_next_dist_1ybzpk2._.js:2477
[ 4377605ms] [LOG] [Fast Refresh] done in 111ms @ http://localhost:4010/_next/static/chunks/node_modules_next_dist_1ybzpk2._.js:2477
[ 4378079ms] [LOG] [Fast Refresh] rebuilding @ http://localhost:4010/_next/static/chunks/node_modules_next_dist_1ybzpk2._.js:2477
[ 4378113ms] [LOG] [Fast Refresh] done in 148ms @ http://localhost:4010/_next/static/chunks/node_modules_next_dist_1ybzpk2._.js:2477
[ 4378406ms] [LOG] [Fast Refresh] rebuilding @ http://localhost:4010/_next/static/chunks/node_modules_next_dist_1ybzpk2._.js:2477
[ 4378419ms] [LOG] [Fast Refresh] done in 123ms @ http://localhost:4010/_next/static/chunks/node_modules_next_dist_1ybzpk2._.js:2477
[ 4378548ms] [LOG] [Fast Refresh] rebuilding @ http://localhost:4010/_next/static/chunks/node_modules_next_dist_1ybzpk2._.js:2477
[ 4378580ms] [LOG] [Fast Refresh] done in 139ms @ http://localhost:4010/_next/static/chunks/node_modules_next_dist_1ybzpk2._.js:2477
[ 4388865ms] [LOG] [Fast Refresh] rebuilding @ http://localhost:4010/_next/static/chunks/node_modules_next_dist_1ybzpk2._.js:2477
[ 4389025ms] [LOG] [Fast Refresh] done in 264ms @ http://localhost:4010/_next/static/chunks/node_modules_next_dist_1ybzpk2._.js:2477
[ 4451097ms] [LOG] [Fast Refresh] rebuilding @ http://localhost:4010/_next/static/chunks/node_modules_next_dist_1ybzpk2._.js:2477
[ 4451742ms] [LOG] [Fast Refresh] done in 755ms @ http://localhost:4010/_next/static/chunks/node_modules_next_dist_1ybzpk2._.js:2477
[ 4454398ms] [WARNING] The resource http://localhost:4010/images/yvonne-red-dress.jpg was preloaded using link preload but not used within a few seconds from the window's load event. Please make sure it has an appropriate `as` value and it is preloaded intentionally. @ http://localhost:4010/about:0
