[     117ms] [LOG] [Fast Refresh] rebuilding @ http://localhost:4010/_next/static/chunks/node_modules_next_dist_1ybzpk2._.js:2477
[     140ms] [LOG] [Fast Refresh] done in 126ms @ http://localhost:4010/_next/static/chunks/node_modules_next_dist_1ybzpk2._.js:2477
[     226ms] [INFO] %cDownload the React DevTools for a better development experience: https://react.dev/link/react-devtools font-weight:bold @ http://localhost:4010/_next/static/chunks/node_modules_next_dist_1ybzpk2._.js:2477
[     248ms] [LOG] [HMR] connected @ http://localhost:4010/_next/static/chunks/node_modules_next_dist_1ybzpk2._.js:2477
[ 1069551ms] [LOG] [Fast Refresh] rebuilding @ http://localhost:4010/_next/static/chunks/node_modules_next_dist_1ybzpk2._.js:2477
[ 1070185ms] [LOG] [Fast Refresh] done in 748ms @ http://localhost:4010/_next/static/chunks/node_modules_next_dist_1ybzpk2._.js:2477
[ 1070727ms] [LOG] [Fast Refresh] rebuilding @ http://localhost:4010/_next/static/chunks/node_modules_next_dist_1ybzpk2._.js:2477
[ 1070809ms] [LOG] [Fast Refresh] done in 184ms @ http://localhost:4010/_next/static/chunks/node_modules_next_dist_1ybzpk2._.js:2477
[ 1078953ms] [LOG] [Fast Refresh] rebuilding @ http://localhost:4010/_next/static/chunks/node_modules_next_dist_1ybzpk2._.js:2477
[ 1078961ms] [LOG] [Fast Refresh] done in 116ms @ http://localhost:4010/_next/static/chunks/node_modules_next_dist_1ybzpk2._.js:2477
[ 1079185ms] [LOG] [Fast Refresh] rebuilding @ http://localhost:4010/_next/static/chunks/node_modules_next_dist_1ybzpk2._.js:2477
[ 1079454ms] [LOG] [Fast Refresh] done in 373ms @ http://localhost:4010/_next/static/chunks/node_modules_next_dist_1ybzpk2._.js:2477
[ 1159269ms] [LOG] [Fast Refresh] rebuilding @ http://localhost:4010/_next/static/chunks/node_modules_next_dist_1ybzpk2._.js:2477
[ 1159649ms] [LOG] [Fast Refresh] done in 486ms @ http://localhost:4010/_next/static/chunks/node_modules_next_dist_1ybzpk2._.js:2477
[ 1159791ms] [LOG] [Fast Refresh] rebuilding @ http://localhost:4010/_next/static/chunks/node_modules_next_dist_1ybzpk2._.js:2477
[ 1159834ms] [LOG] [Fast Refresh] done in 155ms @ http://localhost:4010/_next/static/chunks/node_modules_next_dist_1ybzpk2._.js:2477
[ 1169017ms] [LOG] [Fast Refresh] rebuilding @ http://localhost:4010/_next/static/chunks/node_modules_next_dist_1ybzpk2._.js:2477
[ 1169068ms] [LOG] [Fast Refresh] done in 158ms @ http://localhost:4010/_next/static/chunks/node_modules_next_dist_1ybzpk2._.js:2477
[ 1171657ms] [LOG] [Fast Refresh] rebuilding @ http://localhost:4010/_next/static/chunks/node_modules_next_dist_1ybzpk2._.js:2477
[ 1171675ms] [LOG] [Fast Refresh] done in 119ms @ http://localhost:4010/_next/static/chunks/node_modules_next_dist_1ybzpk2._.js:2477
[ 1852483ms] [LOG] [Fast Refresh] rebuilding @ http://localhost:4010/_next/static/chunks/node_modules_next_dist_1ybzpk2._.js:2477
[ 1854129ms] [LOG] [Fast Refresh] done in 1758ms @ http://localhost:4010/_next/static/chunks/node_modules_next_dist_1ybzpk2._.js:2477
[ 1854267ms] [LOG] [Fast Refresh] rebuilding @ http://localhost:4010/_next/static/chunks/node_modules_next_dist_1ybzpk2._.js:2477
[ 1854787ms] [LOG] [Fast Refresh] done in 621ms @ http://localhost:4010/_next/static/chunks/node_modules_next_dist_1ybzpk2._.js:2477
[ 1854940ms] [LOG] [Fast Refresh] rebuilding @ http://localhost:4010/_next/static/chunks/node_modules_next_dist_1ybzpk2._.js:2477
[ 1855572ms] [LOG] [Fast Refresh] done in 736ms @ http://localhost:4010/_next/static/chunks/node_modules_next_dist_1ybzpk2._.js:2477
[ 1855806ms] [LOG] [Fast Refresh] rebuilding @ http://localhost:4010/_next/static/chunks/node_modules_next_dist_1ybzpk2._.js:2477
[ 1855997ms] [LOG] [Fast Refresh] done in 305ms @ http://localhost:4010/_next/static/chunks/node_modules_next_dist_1ybzpk2._.js:2477
[ 1856280ms] [LOG] [Fast Refresh] rebuilding @ http://localhost:4010/_next/static/chunks/node_modules_next_dist_1ybzpk2._.js:2477
[ 1856317ms] [LOG] [Fast Refresh] done in 138ms @ http://localhost:4010/_next/static/chunks/node_modules_next_dist_1ybzpk2._.js:2477
[ 1856462ms] [LOG] [Fast Refresh] rebuilding @ http://localhost:4010/_next/static/chunks/node_modules_next_dist_1ybzpk2._.js:2477
[ 1856707ms] [LOG] [Fast Refresh] done in 352ms @ http://localhost:4010/_next/static/chunks/node_modules_next_dist_1ybzpk2._.js:2477
[ 1857095ms] [LOG] [Fast Refresh] rebuilding @ http://localhost:4010/_next/static/chunks/node_modules_next_dist_1ybzpk2._.js:2477
[ 1857254ms] [LOG] [Fast Refresh] done in 266ms @ http://localhost:4010/_next/static/chunks/node_modules_next_dist_1ybzpk2._.js:2477
[ 1857476ms] [LOG] [Fast Refresh] rebuilding @ http://localhost:4010/_next/static/chunks/node_modules_next_dist_1ybzpk2._.js:2477
[ 1857525ms] [LOG] [Fast Refresh] done in 158ms @ http://localhost:4010/_next/static/chunks/node_modules_next_dist_1ybzpk2._.js:2477
[ 1875514ms] [LOG] [Fast Refresh] rebuilding @ http://localhost:4010/_next/static/chunks/node_modules_next_dist_1ybzpk2._.js:2477
[ 1875612ms] [LOG] [Fast Refresh] done in 74ms @ http://localhost:4010/_next/static/chunks/node_modules_next_dist_1ybzpk2._.js:2477
[ 1938177ms] [LOG] [Fast Refresh] rebuilding @ http://localhost:4010/_next/static/chunks/node_modules_next_dist_1ybzpk2._.js:2477
[ 1938399ms] [LOG] [Fast Refresh] done in 337ms @ http://localhost:4010/_next/static/chunks/node_modules_next_dist_1ybzpk2._.js:2477
